[debug] [2025-08-30T20:26:03.794Z] ----------------------------------------------------------------------
[debug] [2025-08-30T20:26:03.796Z] Command:       C:\Program Files\nodejs\node.exe C:\Users\HP\AppData\Roaming\npm\node_modules\firebase-tools\lib\bin\firebase.js init
[debug] [2025-08-30T20:26:03.796Z] CLI Version:   14.15.1
[debug] [2025-08-30T20:26:03.796Z] Platform:      win32
[debug] [2025-08-30T20:26:03.796Z] Node Version:  v22.14.0
[debug] [2025-08-30T20:26:03.797Z] Time:          Sun Aug 31 2025 01:56:03 GMT+0530 (India Standard Time)
[debug] [2025-08-30T20:26:03.797Z] ----------------------------------------------------------------------
[debug] 
[debug] [2025-08-30T20:26:03.941Z] > command requires scopes: ["email","openid","https://www.googleapis.com/auth/cloudplatformprojects.readonly","https://www.googleapis.com/auth/firebase","https://www.googleapis.com/auth/cloud-platform"]
[debug] [2025-08-30T20:26:03.941Z] > authorizing via signed-in user (khuntiabikshipt@gmail.com)
[info] 
     ######## #### ########  ######## ########     ###     ######  ########
     ##        ##  ##     ## ##       ##     ##  ##   ##  ##       ##
     ######    ##  ########  ######   ########  #########  ######  ######
     ##        ##  ##    ##  ##       ##     ## ##     ##       ## ##
     ##       #### ##     ## ######## ########  ##     ##  ######  ########

You're about to initialize a Firebase project in this directory:

  C:\Users\HP\OneDrive\Desktop\Epics\jaldarpan

Before we get started, keep in mind:

  * You are initializing within an existing Firebase project directory

[info] 
=== Project Setup
[info] 
[info] First, let's associate this project directory with a Firebase project.
[info] You can create multiple project aliases by running firebase use --add, 
[info] but for now we'll just set up a default project.
[info] 
[debug] [2025-08-30T20:26:50.656Z] Using project from CLI flag: jal-darpan-project
[debug] [2025-08-30T20:26:50.656Z] Checked if tokens are valid: true, expires at: 1756589145104
[debug] [2025-08-30T20:26:50.657Z] Checked if tokens are valid: true, expires at: 1756589145104
[debug] [2025-08-30T20:26:50.657Z] >>> [apiv2][query] GET https://firebase.googleapis.com/v1beta1/projects/jal-darpan-project [none]
[debug] [2025-08-30T20:26:51.342Z] <<< [apiv2][status] GET https://firebase.googleapis.com/v1beta1/projects/jal-darpan-project 403
[debug] [2025-08-30T20:26:51.342Z] <<< [apiv2][body] GET https://firebase.googleapis.com/v1beta1/projects/jal-darpan-project {"error":{"code":403,"message":"The caller does not have permission","status":"PERMISSION_DENIED"}}
[debug] [2025-08-30T20:26:51.342Z] Request to https://firebase.googleapis.com/v1beta1/projects/jal-darpan-project had HTTP Error: 403, The caller does not have permission
[debug] [2025-08-30T20:26:51.484Z] FirebaseError: Request to https://firebase.googleapis.com/v1beta1/projects/jal-darpan-project had HTTP Error: 403, The caller does not have permission
    at responseToError (C:\Users\HP\AppData\Roaming\npm\node_modules\firebase-tools\lib\responseToError.js:52:12)
    at RetryOperation._fn (C:\Users\HP\AppData\Roaming\npm\node_modules\firebase-tools\lib\apiv2.js:312:77)
    at process.processTicksAndRejections (node:internal/process/task_queues:105:5)
[error] 
[error] Error: Failed to get Firebase project jal-darpan-project. Please make sure the project exists and your account has permission to access it.
